2019-06-25 22:19:40,881 - Starting IMSApplication v0.0.1-SNAPSHOT on zzy-PC with PID 21295 (/home/zzy/code/IMS/target/demo-0.0.1-SNAPSHOT.war started by root in /home/zzy/code/IMS/target)
2019-06-25 22:19:40,882 - No active profile set, falling back to default profiles: default
2019-06-25 22:19:41,371 - Refreshing org.springframework.boot.context.embedded.AnnotationConfigEmbeddedWebApplicationContext@4d591d15: startup date [Tue Jun 25 22:19:41 CST 2019]; root of context hierarchy
2019-06-25 22:19:41,390 - HV000001: Hibernate Validator 5.3.5.Final
2019-06-25 22:19:42,616 - Multiple Spring Data modules found, entering strict repository configuration mode!
2019-06-25 22:19:42,756 - Multiple Spring Data modules found, entering strict repository configuration mode!
2019-06-25 22:19:42,820 - Spring Data Redis - Could not safely identify store assignment for repository candidate interface IMS.demo.repository.StockPurchaseRepository.
2019-06-25 22:19:42,821 - Spring Data Redis - Could not safely identify store assignment for repository candidate interface IMS.demo.repository.OrderMasterRepository.
2019-06-25 22:19:42,822 - Spring Data Redis - Could not safely identify store assignment for repository candidate interface IMS.demo.repository.OrderDetailRepository.
2019-06-25 22:19:42,822 - Spring Data Redis - Could not safely identify store assignment for repository candidate interface IMS.demo.repository.StockPurchaseMasterRepository.
2019-06-25 22:19:42,823 - Spring Data Redis - Could not safely identify store assignment for repository candidate interface IMS.demo.repository.CustomerRepository.
2019-06-25 22:19:42,824 - Spring Data Redis - Could not safely identify store assignment for repository candidate interface IMS.demo.repository.ProductInfoRepository.
2019-06-25 22:19:42,825 - Spring Data Redis - Could not safely identify store assignment for repository candidate interface IMS.demo.repository.ProductCategoryRepository.
2019-06-25 22:19:42,827 - Spring Data Redis - Could not safely identify store assignment for repository candidate interface IMS.demo.repository.StockCheckRepository.
2019-06-25 22:19:42,827 - Spring Data Redis - Could not safely identify store assignment for repository candidate interface IMS.demo.repository.BuyerInfoRepository.
2019-06-25 22:19:42,828 - Spring Data Redis - Could not safely identify store assignment for repository candidate interface IMS.demo.repository.BrandRepository.
2019-06-25 22:19:44,795 - Tomcat initialized with port(s): 8080 (http)
2019-06-25 22:19:44,815 - Starting service [Tomcat]
2019-06-25 22:19:44,817 - Starting Servlet Engine: Apache Tomcat/8.5.23
2019-06-25 22:19:46,395 - Initializing Spring embedded WebApplicationContext
2019-06-25 22:19:46,395 - Root WebApplicationContext: initialization completed in 5024 ms
2019-06-25 22:19:46,608 - Mapping servlet: 'dispatcherServlet' to [/]
2019-06-25 22:19:46,617 - Mapping filter: 'characterEncodingFilter' to: [/*]
2019-06-25 22:19:46,618 - Mapping filter: 'hiddenHttpMethodFilter' to: [/*]
2019-06-25 22:19:46,618 - Mapping filter: 'httpPutFormContentFilter' to: [/*]
2019-06-25 22:19:46,618 - Mapping filter: 'requestContextFilter' to: [/*]
2019-06-25 22:20:28,841 - Building JPA container EntityManagerFactory for persistence unit 'default'
2019-06-25 22:20:28,867 - HHH000204: Processing PersistenceUnitInfo [
	name: default
	...]
2019-06-25 22:20:28,994 - HHH000412: Hibernate Core {5.0.12.Final}
2019-06-25 22:20:28,997 - HHH000206: hibernate.properties not found
2019-06-25 22:20:29,000 - HHH000021: Bytecode provider name : javassist
2019-06-25 22:20:29,086 - HCANN000001: Hibernate Commons Annotations {5.0.1.Final}
2019-06-25 22:20:29,419 - HHH000400: Using dialect: org.hibernate.dialect.MySQL5Dialect
2019-06-25 22:20:30,069 - HHH000228: Running hbm2ddl schema update
2019-06-25 22:20:51,151 - Initialized JPA EntityManagerFactory for persistence unit 'default'
2019-06-25 22:20:51,749 - HHH000397: Using ASTQueryTranslatorFactory
2019-06-25 22:20:53,037 - Looking for @ControllerAdvice: org.springframework.boot.context.embedded.AnnotationConfigEmbeddedWebApplicationContext@4d591d15: startup date [Tue Jun 25 22:19:41 CST 2019]; root of context hierarchy
2019-06-25 22:20:53,199 - Mapped "{[/buyer/modify],methods=[POST]}" onto public IMS.demo.vo.ResultVO<java.util.Map<java.lang.String, java.lang.String>> IMS.demo.controller.BuyerController.modify(IMS.demo.form.BuyerForm,org.springframework.validation.BindingResult)
2019-06-25 22:20:53,201 - Mapped "{[/buyer/add],methods=[POST]}" onto public IMS.demo.vo.ResultVO<java.util.Map<java.lang.String, java.lang.String>> IMS.demo.controller.BuyerController.create(IMS.demo.form.BuyerForm,org.springframework.validation.BindingResult)
2019-06-25 22:20:53,201 - Mapped "{[/buyer/],methods=[GET]}" onto public IMS.demo.vo.ResultVO<java.util.List<IMS.demo.dto.BuyerDTO>> IMS.demo.controller.BuyerController.list(java.lang.Integer,java.lang.Integer)
2019-06-25 22:20:53,202 - Mapped "{[/index]}" onto public java.lang.String IMS.demo.controller.IndexController.index()
2019-06-25 22:20:53,203 - Mapped "{[/purchase/add],methods=[POST]}" onto public IMS.demo.vo.ResultVO<java.util.Map<java.lang.String, java.lang.String>> IMS.demo.controller.PurchaseController.create(IMS.demo.form.PurchaseForm,org.springframework.validation.BindingResult)
2019-06-25 22:20:53,205 - Mapped "{[/goods/modify],methods=[POST]}" onto public IMS.demo.vo.ResultVO<java.util.Map<java.lang.String, java.lang.String>> IMS.demo.controller.GoodsController.modify(IMS.demo.form.GoodsForm,org.springframework.validation.BindingResult)
2019-06-25 22:20:53,205 - Mapped "{[/goods/add],methods=[POST]}" onto public IMS.demo.vo.ResultVO<java.util.Map<java.lang.String, java.lang.String>> IMS.demo.controller.GoodsController.create(IMS.demo.form.GoodsForm,org.springframework.validation.BindingResult)
2019-06-25 22:20:53,205 - Mapped "{[/goods/],methods=[GET]}" onto public IMS.demo.vo.ResultVO<java.util.List<IMS.demo.dto.GoodsDTO>> IMS.demo.controller.GoodsController.list(java.lang.Integer,java.lang.Integer)
2019-06-25 22:20:53,207 - Mapped "{[/member/modify],methods=[POST]}" onto public IMS.demo.vo.ResultVO<java.util.Map<java.lang.String, java.lang.String>> IMS.demo.controller.MemberController.modify(IMS.demo.form.MemberForm,org.springframework.validation.BindingResult)
2019-06-25 22:20:53,207 - Mapped "{[/member/add],methods=[POST]}" onto public IMS.demo.vo.ResultVO<java.util.Map<java.lang.String, java.lang.String>> IMS.demo.controller.MemberController.create(IMS.demo.form.MemberForm,org.springframework.validation.BindingResult)
2019-06-25 22:20:53,208 - Mapped "{[/member/],methods=[GET]}" onto public IMS.demo.vo.ResultVO<java.util.List<IMS.demo.dto.MemberDTO>> IMS.demo.controller.MemberController.list(java.lang.Integer,java.lang.Integer)
2019-06-25 22:20:53,209 - Mapped "{[/sale/detail],methods=[GET]}" onto public IMS.demo.vo.ResultVO<java.util.List<IMS.demo.dto.SaleGoodsDTO>> IMS.demo.controller.SaleController.detail(java.lang.String)
2019-06-25 22:20:53,210 - Mapped "{[/sale/add],methods=[POST]}" onto public IMS.demo.vo.ResultVO<IMS.demo.dto.SaleDTO> IMS.demo.controller.SaleController.create(IMS.demo.dto.SaleDTO,org.springframework.validation.BindingResult)
2019-06-25 22:20:53,210 - Mapped "{[/sale/],methods=[GET]}" onto public IMS.demo.vo.ResultVO<java.util.List<IMS.demo.dto.SaleDTO>> IMS.demo.controller.SaleController.list(java.lang.Integer,java.lang.Integer)
2019-06-25 22:20:53,213 - Mapped "{[/buyer/order/detail],methods=[GET]}" onto public IMS.demo.vo.ResultVO<IMS.demo.dto.OrderDTO> IMS.demo.controller.BuyerOrderController.detail(java.lang.String,java.lang.String)
2019-06-25 22:20:53,213 - Mapped "{[/buyer/order/cancel],methods=[POST]}" onto public IMS.demo.vo.ResultVO IMS.demo.controller.BuyerOrderController.cancel(java.lang.String,java.lang.String)
2019-06-25 22:20:53,214 - Mapped "{[/buyer/order/create],methods=[POST]}" onto public IMS.demo.vo.ResultVO<java.util.Map<java.lang.String, java.lang.String>> IMS.demo.controller.BuyerOrderController.create(IMS.demo.form.OrderForm,org.springframework.validation.BindingResult)
2019-06-25 22:20:53,214 - Mapped "{[/buyer/order/list],methods=[GET]}" onto public IMS.demo.vo.ResultVO<java.util.List<IMS.demo.dto.OrderDTO>> IMS.demo.controller.BuyerOrderController.list(java.lang.String,java.lang.Integer,java.lang.Integer)
2019-06-25 22:20:53,218 - Mapped "{[/error],produces=[text/html]}" onto public org.springframework.web.servlet.ModelAndView org.springframework.boot.autoconfigure.web.BasicErrorController.errorHtml(javax.servlet.http.HttpServletRequest,javax.servlet.http.HttpServletResponse)
2019-06-25 22:20:53,218 - Mapped "{[/error]}" onto public org.springframework.http.ResponseEntity<java.util.Map<java.lang.String, java.lang.Object>> org.springframework.boot.autoconfigure.web.BasicErrorController.error(javax.servlet.http.HttpServletRequest)
2019-06-25 22:20:53,281 - Mapped URL path [/webjars/**] onto handler of type [class org.springframework.web.servlet.resource.ResourceHttpRequestHandler]
2019-06-25 22:20:53,281 - Mapped URL path [/static/**] onto handler of type [class org.springframework.web.servlet.resource.ResourceHttpRequestHandler]
2019-06-25 22:20:53,332 - Detected @ExceptionHandler methods in exceptionHandle
2019-06-25 22:20:53,385 - Mapped URL path [/**/favicon.ico] onto handler of type [class org.springframework.web.servlet.resource.ResourceHttpRequestHandler]
2019-06-25 22:20:55,123 - Registering beans for JMX exposure on startup
2019-06-25 22:20:55,155 - Initializing ProtocolHandler ["http-nio-8080"]
2019-06-25 22:20:55,177 - Starting ProtocolHandler ["http-nio-8080"]
2019-06-25 22:20:55,187 - Using a shared selector for servlet write/read
2019-06-25 22:20:55,229 - Tomcat started on port(s): 8080 (http)
2019-06-25 22:20:55,235 - Started IMSApplication in 75.23 seconds (JVM running for 75.829)
2019-06-25 22:21:30,018 - Initializing Spring FrameworkServlet 'dispatcherServlet'
2019-06-25 22:21:30,018 - FrameworkServlet 'dispatcherServlet': initialization started
2019-06-25 22:21:31,450 - FrameworkServlet 'dispatcherServlet': initialization completed in 1431 ms
2019-06-25 22:21:31,527 - [THYMELEAF] INITIALIZING TEMPLATE ENGINE
2019-06-25 22:21:31,601 - [THYMELEAF] INITIALIZING TEMPLATE RESOLVER: org.thymeleaf.spring4.templateresolver.SpringResourceTemplateResolver
2019-06-25 22:21:31,601 - [THYMELEAF] TEMPLATE RESOLVER INITIALIZED OK
2019-06-25 22:21:31,602 - [THYMELEAF] INITIALIZING MESSAGE RESOLVER: org.thymeleaf.spring4.messageresolver.SpringMessageResolver
2019-06-25 22:21:31,602 - [THYMELEAF] MESSAGE RESOLVER INITIALIZED OK
2019-06-25 22:21:31,619 - [THYMELEAF] TEMPLATE ENGINE CONFIGURATION:
[THYMELEAF] * Cache Factory implementation: org.thymeleaf.cache.StandardCacheManager
[THYMELEAF] * Template modes:
[THYMELEAF]     * LEGACYHTML5
[THYMELEAF]     * HTML5
[THYMELEAF]     * XML
[THYMELEAF]     * VALIDXHTML
[THYMELEAF]     * VALIDXML
[THYMELEAF]     * XHTML
[THYMELEAF] * Template resolvers (in order):
[THYMELEAF]     * org.thymeleaf.spring4.templateresolver.SpringResourceTemplateResolver
[THYMELEAF] * Message resolvers (in order):
[THYMELEAF]     * org.thymeleaf.spring4.messageresolver.SpringMessageResolver
[THYMELEAF] * Dialect [1 of 2]: org.thymeleaf.spring4.dialect.SpringStandardDialect
[THYMELEAF]     * Prefix: "th"
[THYMELEAF] * Dialect [2 of 2]: nz.net.ultraq.thymeleaf.LayoutDialect
[THYMELEAF]     * Prefix: "layout"
[THYMELEAF] TEMPLATE ENGINE CONFIGURED OK
2019-06-25 22:21:31,619 - [THYMELEAF] TEMPLATE ENGINE INITIALIZED
